llc: /usr/local/google/home/zbrid/sanitizer/llvm-install/llvm-7.0.1/src/lib/Target/X86/SpecFuzzPass.cpp:604: bool {anonymous}::X86SpecFuzzPass::visitWrite(llvm::MachineInstr&, llvm::MachineBasicBlock&): Assertion `MemRefBegin >= 0 && "Not a write instruction"' failed.
Stack dump:
0.	Program arguments: /usr/local/google/home/zbrid/sanitizer/llvm-install/llvm-7.0.1/build/bin/llc -x86-specfuzz -disable-tail-calls -O3 spectre_v1_pht_sa.sf.bc -o spectre_v1_pht_sa.sf.s 
1.	Running pass 'Function Pass Manager' on module 'spectre_v1_pht_sa.sf.bc'.
2.	Running pass 'SpecFuzz' on function '@main'
#0 0x00007fa0500b1cae llvm::sys::PrintStackTrace(llvm::raw_ostream&) /usr/local/google/home/zbrid/sanitizer/llvm-install/llvm-7.0.1/src/lib/Support/Unix/Signals.inc:490:22
#1 0x00007fa0500b1d41 PrintStackTraceSignalHandler(void*) /usr/local/google/home/zbrid/sanitizer/llvm-install/llvm-7.0.1/src/lib/Support/Unix/Signals.inc:554:1
#2 0x00007fa0500afd73 llvm::sys::RunSignalHandlers() /usr/local/google/home/zbrid/sanitizer/llvm-install/llvm-7.0.1/src/lib/Support/Signals.cpp:67:20
#3 0x00007fa0500b1773 SignalHandler(int) /usr/local/google/home/zbrid/sanitizer/llvm-install/llvm-7.0.1/src/lib/Support/Unix/Signals.inc:353:1
#4 0x00007fa04fa61e30 (/lib/x86_64-linux-gnu/libc.so.6+0x3be30)
#5 0x00007fa04fa61db1 gsignal (/lib/x86_64-linux-gnu/libc.so.6+0x3bdb1)
#6 0x00007fa04fa4b537 abort (/lib/x86_64-linux-gnu/libc.so.6+0x25537)
#7 0x00007fa04fa4b40f __tls_get_addr (/lib/x86_64-linux-gnu/libc.so.6+0x2540f)
#8 0x00007fa04fa5a5b2 (/lib/x86_64-linux-gnu/libc.so.6+0x345b2)
#9 0x00007fa0546b7240 (anonymous namespace)::X86SpecFuzzPass::visitWrite(llvm::MachineInstr&, llvm::MachineBasicBlock&) /usr/local/google/home/zbrid/sanitizer/llvm-install/llvm-7.0.1/src/lib/Target/X86/SpecFuzzPass.cpp:605:41
#10 0x00007fa0546b5ae3 (anonymous namespace)::X86SpecFuzzPass::visitFunction(llvm::MachineFunction&) /usr/local/google/home/zbrid/sanitizer/llvm-install/llvm-7.0.1/src/lib/Target/X86/SpecFuzzPass.cpp:283:26
#11 0x00007fa0546b55f3 (anonymous namespace)::X86SpecFuzzPass::runOnMachineFunction(llvm::MachineFunction&) /usr/local/google/home/zbrid/sanitizer/llvm-install/llvm-7.0.1/src/lib/Target/X86/SpecFuzzPass.cpp:223:25
#12 0x00007fa052cdb1ab llvm::MachineFunctionPass::runOnFunction(llvm::Function&) /usr/local/google/home/zbrid/sanitizer/llvm-install/llvm-7.0.1/src/lib/CodeGen/MachineFunctionPass.cpp:61:33
#13 0x00007fa0505c1f53 llvm::FPPassManager::runOnFunction(llvm::Function&) /usr/local/google/home/zbrid/sanitizer/llvm-install/llvm-7.0.1/src/lib/IR/LegacyPassManager.cpp:1586:20
#14 0x00007fa0505c210c llvm::FPPassManager::runOnModule(llvm::Module&) /usr/local/google/home/zbrid/sanitizer/llvm-install/llvm-7.0.1/src/lib/IR/LegacyPassManager.cpp:1609:13
#15 0x00007fa0505c24d3 (anonymous namespace)::MPPassManager::runOnModule(llvm::Module&) /usr/local/google/home/zbrid/sanitizer/llvm-install/llvm-7.0.1/src/lib/IR/LegacyPassManager.cpp:1669:20
#16 0x00007fa0505c2c46 llvm::legacy::PassManagerImpl::run(llvm::Module&) /usr/local/google/home/zbrid/sanitizer/llvm-install/llvm-7.0.1/src/lib/IR/LegacyPassManager.cpp:1774:13
#17 0x00007fa0505c2e7b llvm::legacy::PassManager::run(llvm::Module&) /usr/local/google/home/zbrid/sanitizer/llvm-install/llvm-7.0.1/src/lib/IR/LegacyPassManager.cpp:1806:1
#18 0x000055f001e119bd compileModule(char**, llvm::LLVMContext&) /usr/local/google/home/zbrid/sanitizer/llvm-install/llvm-7.0.1/src/tools/llc/llc.cpp:600:66
#19 0x000055f001e0fcca main /usr/local/google/home/zbrid/sanitizer/llvm-install/llvm-7.0.1/src/tools/llc/llc.cpp:351:35
#20 0x00007fa04fa4ccca __libc_start_main (/lib/x86_64-linux-gnu/libc.so.6+0x26cca)
#21 0x000055f001e0dbaa _start (/usr/local/google/home/zbrid/sanitizer/llvm-install/llvm-7.0.1/build/bin/llc+0x28baa)
